#
# A fatal error has been detected by the Java Runtime Environment:
#
#  SIGSEGV (0xb) at pc=0x00007f4cc95d460a, pid=12430, tid=139967793243904
#
# JRE version: Java(TM) SE Runtime Environment (8.0_20-b26) (build 1.8.0_20-b26)
# Java VM: Java HotSpot(TM) 64-Bit Server VM (25.20-b23 mixed mode linux-amd64 compressed oops)
# Problematic frame:
# V  [libjvm.so+0x7c460a]
#
# Failed to write core dump. Core dumps have been disabled. To enable core dumping, try "ulimit -c unlimited" before starting Java again
#
# If you would like to submit a bug report, please visit:
#   http://bugreport.sun.com/bugreport/crash.jsp
#

---------------  T H R E A D  ---------------

Current thread (0x00007f4cc400a000):  JavaThread "main" [_thread_in_vm, id=12433, stack(0x00007f4cca88a000,0x00007f4cca98b000)]

siginfo: si_signo: 11 (SIGSEGV), si_code: 1 (SEGV_MAPERR), si_addr: 0x0000000000001000

Registers:
RAX=0x00000000d8014880, RBX=0x00007f4cc400a000, RCX=0x0000000000001010, RDX=0xfffffffffffffffd
RSP=0x00007f4cca9881c8, RBP=0x00007f4cca988220, RSI=0x0065007404040303, RDI=0x00000000d8014870
R8 =0x000000000000000d, R9 =0x0000000000001000, R10=0x00007f4cb49e26a8, R11=0x00007f4cc978d220
R12=0x00007f4cca988318, R13=0x0000000000000000, R14=0x0000000000001000, R15=0x0000000000000010
RIP=0x00007f4cc95d460a, EFLAGS=0x0000000000010293, CSGSFS=0x0000000000000033, ERR=0x0000000000000006
  TRAPNO=0x000000000000000e

Top of Stack: (sp=0x00007f4cca9881c8)
0x00007f4cca9881c8:   00007f4cc985f1ea 00007f4cc400a000
0x00007f4cca9881d8:   00007f4cc400a000 00007f4cc400a000
0x00007f4cca9881e8:   0000000000000000 0000000000000000
0x00007f4cca9881f8:   00007f4caf2c3be0 0000000000000000
0x00007f4cca988208:   00007f4caf2c3be0 00007f4cca988320
0x00007f4cca988218:   00007f4cc400a000 00007f4cca9882c0
0x00007f4cca988228:   00007f4cb49e26d4 000000000000001a
0x00007f4cca988238:   00007f4cc400a000 00007f4cca988450
0x00007f4cca988248:   00007f4cb49ee583 00007f4cb49d2310
0x00007f4cca988258:   0000000000000000 00007f4cc41257a0
0x00007f4cca988268:   00007f4cc400a000 00007f4cc412a360
0x00007f4cca988278:   00007f4cc41257a0 00007f4cca988280
0x00007f4cca988288:   0000000000000000 00007f4cca988320
0x00007f4cca988298:   00007f4caf2de538 0000000000000000
0x00007f4cca9882a8:   00007f4caf2c3be0 0000000000000000
0x00007f4cca9882b8:   00007f4cca9882e0 00007f4cca988368
0x00007f4cca9882c8:   00007f4cb49d498d 0000000000000000
0x00007f4cca9882d8:   00007f4cb49dc2b8 000000000000001a
0x00007f4cca9882e8:   000000000000000e 0000000000001000
0x00007f4cca9882f8:   00007f4cc967cb4e 0000000000000000
0x00007f4cca988308:   0000000000000010 0000000100000020
0x00007f4cca988318:   00000000d8014860 00000000d7012560
0x00007f4cca988328:   00007f4cca988328 00007f4caf9f498f
0x00007f4cca988338:   00007f4cca9883f8 00007f4caf9f5620
0x00007f4cca988348:   0000000000000000 00007f4caf9f4a48
0x00007f4cca988358:   00007f4cca9882e0 00007f4cca9883c8
0x00007f4cca988368:   00007f4cca988440 00007f4cb49d498d
0x00007f4cca988378:   000000000000001a 0000000000000000
0x00007f4cca988388:   000000000000001a 0000000000000000
0x00007f4cca988398:   000000000000001a 0000000000000000
0x00007f4cca9883a8:   0000000000001000 0000000000000000
0x00007f4cca9883b8:   0000000000000010 0000000000000000 

Instructions: (pc=0x00007f4cc95d460a)
0x00007f4cc95d45ea:   4a 8d 44 47 fe 76 05 48 39 c6 76 7e 48 8d 44 d7
0x00007f4cc95d45fa:   f8 48 8d 4c d6 f8 48 f7 da eb 61 48 8b 74 d0 08
0x00007f4cc95d460a:   48 89 74 d1 08 48 83 c2 01 75 f0 49 f7 c0 02 00
0x00007f4cc95d461a:   00 00 74 0a 8b 70 08 89 71 08 48 83 c1 04 49 f7 

Register to memory mapping:

RAX=0x00000000d8014880 is an oop

[error occurred during error reporting (printing register info), id 0xb]

Stack: [0x00007f4cca88a000,0x00007f4cca98b000],  sp=0x00007f4cca9881c8,  free space=1016k
Native frames: (J=compiled Java code, j=interpreted, Vv=VM code, C=native code)
V  [libjvm.so+0x7c460a]
j  sun.misc.Unsafe.copyMemory(Ljava/lang/Object;JLjava/lang/Object;JJ)V+0
j  com.nc.gs.util.Bits.copyFromArray(JLjava/lang/Object;IIII)V+55
j  com.nc.gs.util.Bits.copyFrom(J[BII)V+11
j  com.nc.gs.io.Source.filledWith([BII)Lcom/nc/gs/io/Source;+11
j  com.nc.gs.core.Context$Chunk.inflate(Lcom/nc/gs/core/Context;Ljava/io/DataInput;Ljava/lang/Object;)V+67
j  com.nc.gs.core.Context.inflate(Ljava/io/DataInput;Ljava/lang/Object;)V+7
j  com.nc.gs.core.Serializer.inflateRoot(Ljava/io/DataInput;Ljava/lang/Object;)V+13
j  com.nc.gs.tests.ext.GExternalizable.readExternal(Ljava/io/ObjectInput;)V+2
j  java.io.ObjectInputStream.readExternalData(Ljava/io/Externalizable;Ljava/io/ObjectStreamClass;)V+36
j  java.io.ObjectInputStream.readOrdinaryObject(Z)Ljava/lang/Object;+171
j  java.io.ObjectInputStream.readObject0(Z)Ljava/lang/Object;+389
j  java.io.ObjectInputStream.readObject()Ljava/lang/Object;+19
j  com.nc.gs.tests.ext.TestExternalization.deserialize([B)Ljava/lang/Object;+21
j  com.nc.gs.tests.ext.TestExternalization.run()V+52
v  ~StubRoutines::call_stub
V  [libjvm.so+0x663ce6]
V  [libjvm.so+0x958377]
V  [libjvm.so+0x95ba47]
V  [libjvm.so+0x6ea54b]  JVM_InvokeMethod+0x26b
j  sun.reflect.NativeMethodAccessorImpl.invoke0(Ljava/lang/reflect/Method;Ljava/lang/Object;[Ljava/lang/Object;)Ljava/lang/Object;+0
j  sun.reflect.NativeMethodAccessorImpl.invoke(Ljava/lang/Object;[Ljava/lang/Object;)Ljava/lang/Object;+100
j  sun.reflect.DelegatingMethodAccessorImpl.invoke(Ljava/lang/Object;[Ljava/lang/Object;)Ljava/lang/Object;+6
j  java.lang.reflect.Method.invoke(Ljava/lang/Object;[Ljava/lang/Object;)Ljava/lang/Object;+56
j  org.junit.runners.model.FrameworkMethod$1.runReflectiveCall()Ljava/lang/Object;+15
j  org.junit.internal.runners.model.ReflectiveCallable.run()Ljava/lang/Object;+1
j  org.junit.runners.model.FrameworkMethod.invokeExplosively(Ljava/lang/Object;[Ljava/lang/Object;)Ljava/lang/Object;+10
j  org.junit.internal.runners.statements.InvokeMethod.evaluate()V+12
j  org.junit.runners.ParentRunner.runLeaf(Lorg/junit/runners/model/Statement;Lorg/junit/runner/Description;Lorg/junit/runner/notification/RunNotifier;)V+17
j  org.junit.runners.BlockJUnit4ClassRunner.runChild(Lorg/junit/runners/model/FrameworkMethod;Lorg/junit/runner/notification/RunNotifier;)V+32
j  org.junit.runners.BlockJUnit4ClassRunner.runChild(Ljava/lang/Object;Lorg/junit/runner/notification/RunNotifier;)V+6
j  org.junit.runners.ParentRunner$3.run()V+12
j  org.junit.runners.ParentRunner$1.schedule(Ljava/lang/Runnable;)V+1
j  org.junit.runners.ParentRunner.runChildren(Lorg/junit/runner/notification/RunNotifier;)V+40
j  org.junit.runners.ParentRunner.access$000(Lorg/junit/runners/ParentRunner;Lorg/junit/runner/notification/RunNotifier;)V+2
j  org.junit.runners.ParentRunner$2.evaluate()V+8
j  org.junit.runners.ParentRunner.run(Lorg/junit/runner/notification/RunNotifier;)V+20
j  org.eclipse.jdt.internal.junit4.runner.JUnit4TestReference.run(Lorg/eclipse/jdt/internal/junit/runner/TestExecution;)V+72
j  org.eclipse.jdt.internal.junit.runner.TestExecution.run([Lorg/eclipse/jdt/internal/junit/runner/ITestReference;)V+17
j  org.eclipse.jdt.internal.junit.runner.RemoteTestRunner.runTests([Ljava/lang/String;Ljava/lang/String;Lorg/eclipse/jdt/internal/junit/runner/TestExecution;)V+61
j  org.eclipse.jdt.internal.junit.runner.RemoteTestRunner.runTests(Lorg/eclipse/jdt/internal/junit/runner/TestExecution;)V+10
j  org.eclipse.jdt.internal.junit.runner.RemoteTestRunner.run()V+70
j  org.eclipse.jdt.internal.junit.runner.RemoteTestRunner.main([Ljava/lang/String;)V+14
v  ~StubRoutines::call_stub
V  [libjvm.so+0x663ce6]
V  [libjvm.so+0x6aada6]
V  [libjvm.so+0x6b193a]
C  [libjli.so+0x7b14]  JavaMain+0x844
C  [libpthread.so.0+0x8182]  start_thread+0xc2

Java frames: (J=compiled Java code, j=interpreted, Vv=VM code)
j  sun.misc.Unsafe.copyMemory(Ljava/lang/Object;JLjava/lang/Object;JJ)V+0
j  com.nc.gs.util.Bits.copyFromArray(JLjava/lang/Object;IIII)V+55
j  com.nc.gs.util.Bits.copyFrom(J[BII)V+11
j  com.nc.gs.io.Source.filledWith([BII)Lcom/nc/gs/io/Source;+11
j  com.nc.gs.core.Context$Chunk.inflate(Lcom/nc/gs/core/Context;Ljava/io/DataInput;Ljava/lang/Object;)V+67
j  com.nc.gs.core.Context.inflate(Ljava/io/DataInput;Ljava/lang/Object;)V+7
j  com.nc.gs.core.Serializer.inflateRoot(Ljava/io/DataInput;Ljava/lang/Object;)V+13
j  com.nc.gs.tests.ext.GExternalizable.readExternal(Ljava/io/ObjectInput;)V+2
j  java.io.ObjectInputStream.readExternalData(Ljava/io/Externalizable;Ljava/io/ObjectStreamClass;)V+36
j  java.io.ObjectInputStream.readOrdinaryObject(Z)Ljava/lang/Object;+171
j  java.io.ObjectInputStream.readObject0(Z)Ljava/lang/Object;+389
j  java.io.ObjectInputStream.readObject()Ljava/lang/Object;+19
j  com.nc.gs.tests.ext.TestExternalization.deserialize([B)Ljava/lang/Object;+21
j  com.nc.gs.tests.ext.TestExternalization.run()V+52
v  ~StubRoutines::call_stub
j  sun.reflect.NativeMethodAccessorImpl.invoke0(Ljava/lang/reflect/Method;Ljava/lang/Object;[Ljava/lang/Object;)Ljava/lang/Object;+0
j  sun.reflect.NativeMethodAccessorImpl.invoke(Ljava/lang/Object;[Ljava/lang/Object;)Ljava/lang/Object;+100
j  sun.reflect.DelegatingMethodAccessorImpl.invoke(Ljava/lang/Object;[Ljava/lang/Object;)Ljava/lang/Object;+6
j  java.lang.reflect.Method.invoke(Ljava/lang/Object;[Ljava/lang/Object;)Ljava/lang/Object;+56
j  org.junit.runners.model.FrameworkMethod$1.runReflectiveCall()Ljava/lang/Object;+15
j  org.junit.internal.runners.model.ReflectiveCallable.run()Ljava/lang/Object;+1
j  org.junit.runners.model.FrameworkMethod.invokeExplosively(Ljava/lang/Object;[Ljava/lang/Object;)Ljava/lang/Object;+10
j  org.junit.internal.runners.statements.InvokeMethod.evaluate()V+12
j  org.junit.runners.ParentRunner.runLeaf(Lorg/junit/runners/model/Statement;Lorg/junit/runner/Description;Lorg/junit/runner/notification/RunNotifier;)V+17
j  org.junit.runners.BlockJUnit4ClassRunner.runChild(Lorg/junit/runners/model/FrameworkMethod;Lorg/junit/runner/notification/RunNotifier;)V+32
j  org.junit.runners.BlockJUnit4ClassRunner.runChild(Ljava/lang/Object;Lorg/junit/runner/notification/RunNotifier;)V+6
j  org.junit.runners.ParentRunner$3.run()V+12
j  org.junit.runners.ParentRunner$1.schedule(Ljava/lang/Runnable;)V+1
j  org.junit.runners.ParentRunner.runChildren(Lorg/junit/runner/notification/RunNotifier;)V+40
j  org.junit.runners.ParentRunner.access$000(Lorg/junit/runners/ParentRunner;Lorg/junit/runner/notification/RunNotifier;)V+2
j  org.junit.runners.ParentRunner$2.evaluate()V+8
j  org.junit.runners.ParentRunner.run(Lorg/junit/runner/notification/RunNotifier;)V+20
j  org.eclipse.jdt.internal.junit4.runner.JUnit4TestReference.run(Lorg/eclipse/jdt/internal/junit/runner/TestExecution;)V+72
j  org.eclipse.jdt.internal.junit.runner.TestExecution.run([Lorg/eclipse/jdt/internal/junit/runner/ITestReference;)V+17
j  org.eclipse.jdt.internal.junit.runner.RemoteTestRunner.runTests([Ljava/lang/String;Ljava/lang/String;Lorg/eclipse/jdt/internal/junit/runner/TestExecution;)V+61
j  org.eclipse.jdt.internal.junit.runner.RemoteTestRunner.runTests(Lorg/eclipse/jdt/internal/junit/runner/TestExecution;)V+10
j  org.eclipse.jdt.internal.junit.runner.RemoteTestRunner.run()V+70
j  org.eclipse.jdt.internal.junit.runner.RemoteTestRunner.main([Ljava/lang/String;)V+14
v  ~StubRoutines::call_stub

---------------  P R O C E S S  ---------------

Java Threads: ( => current thread )
  0x00007f4cc4138000 JavaThread "ReaderThread" [_thread_in_native, id=12451, stack(0x00007f4cad16d000,0x00007f4cad26e000)]
  0x00007f4cc40c1000 JavaThread "Service Thread" daemon [_thread_blocked, id=12449, stack(0x00007f4cad5df000,0x00007f4cad6e0000)]
  0x00007f4cc40b3800 JavaThread "C1 CompilerThread2" daemon [_thread_in_vm, id=12448, stack(0x00007f4cad6e0000,0x00007f4cad7e1000)]
  0x00007f4cc40b2000 JavaThread "C2 CompilerThread1" daemon [_thread_blocked, id=12447, stack(0x00007f4cad7e1000,0x00007f4cad8e2000)]
  0x00007f4cc40af000 JavaThread "C2 CompilerThread0" daemon [_thread_blocked, id=12446, stack(0x00007f4cad8e2000,0x00007f4cad9e3000)]
  0x00007f4cc40ad000 JavaThread "Signal Dispatcher" daemon [_thread_blocked, id=12445, stack(0x00007f4cad9e3000,0x00007f4cadae4000)]
  0x00007f4cc407c800 JavaThread "Finalizer" daemon [_thread_blocked, id=12444, stack(0x00007f4caddae000,0x00007f4cadeaf000)]
  0x00007f4cc407a800 JavaThread "Reference Handler" daemon [_thread_blocked, id=12443, stack(0x00007f4cadeaf000,0x00007f4cadfb0000)]
=>0x00007f4cc400a000 JavaThread "main" [_thread_in_vm, id=12433, stack(0x00007f4cca88a000,0x00007f4cca98b000)]

Other Threads:
  0x00007f4cc4073800 VMThread [stack: 0x00007f4cadfb0000,0x00007f4cae0b1000] [id=12442]
  0x00007f4cc40c3800 WatcherThread [stack: 0x00007f4cad4de000,0x00007f4cad5df000] [id=12450]

VM state:not at safepoint (normal execution)

VM Mutex/Monitor currently owned by a thread: None

Heap:
 PSYoungGen      total 36864K, used 17217K [0x00000000d7000000, 0x00000000d9900000, 0x0000000100000000)
  eden space 31744K, 54% used [0x00000000d7000000,0x00000000d80d0530,0x00000000d8f00000)
  from space 5120K, 0% used [0x00000000d9400000,0x00000000d9400000,0x00000000d9900000)
  to   space 5120K, 0% used [0x00000000d8f00000,0x00000000d8f00000,0x00000000d9400000)
 ParOldGen       total 84992K, used 0K [0x0000000085000000, 0x000000008a300000, 0x00000000d7000000)
  object space 84992K, 0% used [0x0000000085000000,0x0000000085000000,0x000000008a300000)
 Metaspace       used 9000K, capacity 9146K, committed 9344K, reserved 1056768K
  class space    used 1018K, capacity 1085K, committed 1152K, reserved 1048576K

Card table byte_map: [0x00007f4cb4234000,0x00007f4cb460d000] byte_map_base: 0x00007f4cb3e0c000

Marking Bits: (ParMarkBitMap*) 0x00007f4cc9d67ac0
 Begin Bits: [0x00007f4cafe20000, 0x00007f4cb1ce0000)
 End Bits:   [0x00007f4cb1ce0000, 0x00007f4cb3ba0000)

Polling page: 0x00007f4cca9ae000

CodeCache: size=245760Kb used=2742Kb max_used=2742Kb free=243017Kb
 bounds [0x00007f4cb49cd000, 0x00007f4cb4c7d000, 0x00007f4cc39cd000]
 total_blobs=1015 nmethods=659 adapters=271
 compilation: enabled

Compilation events (10 events):
Event: 0,593 Thread 0x00007f4cc40b3800 nmethod 658 0x00007f4cb4c53f90 code [0x00007f4cb4c54120, 0x00007f4cb4c54578]
Event: 0,593 Thread 0x00007f4cc40b3800  659       3       java.util.Formatter$FormatSpecifier::flags (31 bytes)
Event: 0,593 Thread 0x00007f4cc40b3800 nmethod 659 0x00007f4cb4c539d0 code [0x00007f4cb4c53b60, 0x00007f4cb4c53e48]
Event: 0,593 Thread 0x00007f4cc40b3800  661   !   3       java.util.Formatter$FormatSpecifier::width (59 bytes)
Event: 0,594 Thread 0x00007f4cc40b3800 nmethod 661 0x00007f4cb4c56ed0 code [0x00007f4cb4c57060, 0x00007f4cb4c57398]
Event: 0,594 Thread 0x00007f4cc40b3800  662   !   3       java.util.Formatter$FormatSpecifier::precision (63 bytes)
Event: 0,594 Thread 0x00007f4cc40b3800 nmethod 662 0x00007f4cb4c57550 code [0x00007f4cb4c57700, 0x00007f4cb4c57b08]
Event: 0,594 Thread 0x00007f4cc40b3800  653       3       java.io.File::<init> (47 bytes)
Event: 0,595 Thread 0x00007f4cc40b3800 nmethod 653 0x00007f4cb4c57d50 code [0x00007f4cb4c57f20, 0x00007f4cb4c58608]
Event: 0,595 Thread 0x00007f4cc40b3800  663       3       org.objectweb.asm.ClassReader::a (3271 bytes)

GC Heap History (0 events):
No events

Deoptimization events (5 events):
Event: 0,300 Thread 0x00007f4cc400a000 Uncommon trap: reason=unreached action=reinterpret pc=0x00007f4cb4b92b58 method=java.lang.AbstractStringBuilder.append(Ljava/lang/String;)Ljava/lang/AbstractStringBuilder; @ 1
Event: 0,561 Thread 0x00007f4cc400a000 Uncommon trap: reason=class_check action=maybe_recompile pc=0x00007f4cb4bbb824 method=java.lang.String.equals(Ljava/lang/Object;)Z @ 8
Event: 0,561 Thread 0x00007f4cc400a000 Uncommon trap: reason=class_check action=maybe_recompile pc=0x00007f4cb4bbb824 method=java.lang.String.equals(Ljava/lang/Object;)Z @ 8
Event: 0,589 Thread 0x00007f4cc400a000 Uncommon trap: reason=bimorphic action=maybe_recompile pc=0x00007f4cb4bae5b8 method=java.util.regex.Pattern$BmpCharProperty.match(Ljava/util/regex/Matcher;ILjava/lang/CharSequence;)Z @ 31
Event: 0,589 Thread 0x00007f4cc400a000 Uncommon trap: reason=bimorphic action=maybe_recompile pc=0x00007f4cb4bae5b8 method=java.util.regex.Pattern$BmpCharProperty.match(Ljava/util/regex/Matcher;ILjava/lang/CharSequence;)Z @ 31

Internal exceptions (10 events):
Event: 0,571 Thread 0x00007f4cc400a000 Exception <a 'java/security/PrivilegedActionException'> (0x00000000d800f8e0) thrown at [/HUDSON/workspace/8-2-build-linux-amd64/jdk8u20/1074/hotspot/src/share/vm/prims/jvm.cpp, line 1275]
Event: 0,571 Thread 0x00007f4cc400a000 Exception <a 'java/security/PrivilegedActionException'> (0x00000000d8015e18) thrown at [/HUDSON/workspace/8-2-build-linux-amd64/jdk8u20/1074/hotspot/src/share/vm/prims/jvm.cpp, line 1275]
Event: 0,573 Thread 0x00007f4cc400a000 Exception <a 'java/security/PrivilegedActionException'> (0x00000000d801f158) thrown at [/HUDSON/workspace/8-2-build-linux-amd64/jdk8u20/1074/hotspot/src/share/vm/prims/jvm.cpp, line 1275]
Event: 0,573 Thread 0x00007f4cc400a000 Exception <a 'java/security/PrivilegedActionException'> (0x00000000d8028ee8) thrown at [/HUDSON/workspace/8-2-build-linux-amd64/jdk8u20/1074/hotspot/src/share/vm/prims/jvm.cpp, line 1275]
Event: 0,588 Thread 0x00007f4cc400a000 Exception <a 'java/security/PrivilegedActionException'> (0x00000000d809a190) thrown at [/HUDSON/workspace/8-2-build-linux-amd64/jdk8u20/1074/hotspot/src/share/vm/prims/jvm.cpp, line 1275]
Event: 0,589 Thread 0x00007f4cc400a000 Exception <a 'java/security/PrivilegedActionException'> (0x00000000d809ea68) thrown at [/HUDSON/workspace/8-2-build-linux-amd64/jdk8u20/1074/hotspot/src/share/vm/prims/jvm.cpp, line 1275]
Event: 0,590 Thread 0x00007f4cc400a000 Exception <a 'java/security/PrivilegedActionException'> (0x00000000d80a6990) thrown at [/HUDSON/workspace/8-2-build-linux-amd64/jdk8u20/1074/hotspot/src/share/vm/prims/jvm.cpp, line 1275]
Event: 0,591 Thread 0x00007f4cc400a000 Exception <a 'java/security/PrivilegedActionException'> (0x00000000d80aca78) thrown at [/HUDSON/workspace/8-2-build-linux-amd64/jdk8u20/1074/hotspot/src/share/vm/prims/jvm.cpp, line 1275]
Event: 0,592 Thread 0x00007f4cc400a000 Exception <a 'java/security/PrivilegedActionException'> (0x00000000d80b4520) thrown at [/HUDSON/workspace/8-2-build-linux-amd64/jdk8u20/1074/hotspot/src/share/vm/prims/jvm.cpp, line 1275]
Event: 0,593 Thread 0x00007f4cc400a000 Exception <a 'java/security/PrivilegedActionException'> (0x00000000d80b9f20) thrown at [/HUDSON/workspace/8-2-build-linux-amd64/jdk8u20/1074/hotspot/src/share/vm/prims/jvm.cpp, line 1275]

Events (10 events):
Event: 0,596 loading class java/io/ObjectInputStream$BlockDataInputStream
Event: 0,596 loading class java/io/ObjectInputStream$BlockDataInputStream done
Event: 0,597 loading class java/io/ObjectInputStream$PeekInputStream
Event: 0,597 loading class java/io/ObjectInputStream$PeekInputStream done
Event: 0,597 loading class java/io/ObjectInputStream$HandleTable
Event: 0,597 loading class java/io/ObjectInputStream$HandleTable done
Event: 0,597 loading class java/io/ObjectInputStream$HandleTable$HandleList
Event: 0,597 loading class java/io/ObjectInputStream$HandleTable$HandleList done
Event: 0,597 loading class java/io/ObjectInputStream$ValidationList
Event: 0,597 loading class java/io/ObjectInputStream$ValidationList done


Dynamic libraries:
00400000-00401000 r-xp 00000000 08:06 18088979                           /opt/tools/java/jdk1.8.0_20/bin/java
00600000-00601000 rw-p 00000000 08:06 18088979                           /opt/tools/java/jdk1.8.0_20/bin/java
018f5000-01916000 rw-p 00000000 00:00 0                                  [heap]
85000000-8a300000 rw-p 00000000 00:00 0 
8a300000-d7000000 ---p 00000000 00:00 0 
d7000000-d9900000 rw-p 00000000 00:00 0 
d9900000-100000000 ---p 00000000 00:00 0 
100000000-100120000 rw-p 00000000 00:00 0 
100120000-140000000 ---p 00000000 00:00 0 
7f4c70000000-7f4c70021000 rw-p 00000000 00:00 0 
7f4c70021000-7f4c74000000 ---p 00000000 00:00 0 
7f4c78000000-7f4c78021000 rw-p 00000000 00:00 0 
7f4c78021000-7f4c7c000000 ---p 00000000 00:00 0 
7f4c7c000000-7f4c7c44a000 rw-p 00000000 00:00 0 
7f4c7c44a000-7f4c80000000 ---p 00000000 00:00 0 
7f4c80000000-7f4c80116000 rw-p 00000000 00:00 0 
7f4c80116000-7f4c84000000 ---p 00000000 00:00 0 
7f4c84000000-7f4c84021000 rw-p 00000000 00:00 0 
7f4c84021000-7f4c88000000 ---p 00000000 00:00 0 
7f4c88000000-7f4c88021000 rw-p 00000000 00:00 0 
7f4c88021000-7f4c8c000000 ---p 00000000 00:00 0 
7f4c8c000000-7f4c8c265000 rw-p 00000000 00:00 0 
7f4c8c265000-7f4c90000000 ---p 00000000 00:00 0 
7f4c90000000-7f4c90021000 rw-p 00000000 00:00 0 
7f4c90021000-7f4c94000000 ---p 00000000 00:00 0 
7f4c94000000-7f4c94021000 rw-p 00000000 00:00 0 
7f4c94021000-7f4c98000000 ---p 00000000 00:00 0 
7f4c98000000-7f4c98021000 rw-p 00000000 00:00 0 
7f4c98021000-7f4c9c000000 ---p 00000000 00:00 0 
7f4c9c000000-7f4c9c021000 rw-p 00000000 00:00 0 
7f4c9c021000-7f4ca0000000 ---p 00000000 00:00 0 
7f4ca0000000-7f4ca0021000 rw-p 00000000 00:00 0 
7f4ca0021000-7f4ca4000000 ---p 00000000 00:00 0 
7f4ca4000000-7f4ca4021000 rw-p 00000000 00:00 0 
7f4ca4021000-7f4ca8000000 ---p 00000000 00:00 0 
7f4ca8000000-7f4ca8021000 rw-p 00000000 00:00 0 
7f4ca8021000-7f4cac000000 ---p 00000000 00:00 0 
7f4cacf2d000-7f4cacf3e000 r-xp 00000000 08:06 19668176                   /opt/tools/java/jdk1.8.0_20/jre/lib/amd64/libnio.so
7f4cacf3e000-7f4cad13d000 ---p 00011000 08:06 19668176                   /opt/tools/java/jdk1.8.0_20/jre/lib/amd64/libnio.so
7f4cad13d000-7f4cad13e000 rw-p 00010000 08:06 19668176                   /opt/tools/java/jdk1.8.0_20/jre/lib/amd64/libnio.so
7f4cad13e000-7f4cad151000 r--s 00344000 08:06 19270602                   /opt/tools/java/jdk1.8.0_20/jre/lib/resources.jar
7f4cad151000-7f4cad16d000 r--s 00393000 08:06 19537994                   /opt/tools/java/jdk1.8.0_20/jre/lib/ext/cldrdata.jar
7f4cad16d000-7f4cad170000 ---p 00000000 00:00 0 
7f4cad170000-7f4cad29f000 rw-p 00000000 00:00 0                          [stack:12451]
7f4cad29f000-7f4cad2b5000 r-xp 00000000 08:06 19668173                   /opt/tools/java/jdk1.8.0_20/jre/lib/amd64/libnet.so
7f4cad2b5000-7f4cad4b5000 ---p 00016000 08:06 19668173                   /opt/tools/java/jdk1.8.0_20/jre/lib/amd64/libnet.so
7f4cad4b5000-7f4cad4b6000 rw-p 00016000 08:06 19668173                   /opt/tools/java/jdk1.8.0_20/jre/lib/amd64/libnet.so
7f4cad4b6000-7f4cad4de000 r--s 00241000 08:06 15861308                   /home/cmuramoto/.m2/repository/net/sf/trove4j/trove4j/3.0.3/trove4j-3.0.3.jar
7f4cad4de000-7f4cad4df000 ---p 00000000 00:00 0 
7f4cad4df000-7f4cad5df000 rw-p 00000000 00:00 0                          [stack:12450]
7f4cad5df000-7f4cad5e2000 ---p 00000000 00:00 0 
7f4cad5e2000-7f4cad6e0000 rw-p 00000000 00:00 0                          [stack:12449]
7f4cad6e0000-7f4cad6e3000 ---p 00000000 00:00 0 
7f4cad6e3000-7f4cad7e1000 rw-p 00000000 00:00 0                          [stack:12448]
7f4cad7e1000-7f4cad7e4000 ---p 00000000 00:00 0 
7f4cad7e4000-7f4cad8e2000 rw-p 00000000 00:00 0                          [stack:12447]
7f4cad8e2000-7f4cad8e5000 ---p 00000000 00:00 0 
7f4cad8e5000-7f4cad9e3000 rw-p 00000000 00:00 0                          [stack:12446]
7f4cad9e3000-7f4cad9e6000 ---p 00000000 00:00 0 
7f4cad9e6000-7f4cadae4000 rw-p 00000000 00:00 0                          [stack:12445]
7f4cadae4000-7f4caddae000 r--p 00000000 08:06 18225075                   /usr/lib/locale/locale-archive
7f4caddae000-7f4caddb1000 ---p 00000000 00:00 0 
7f4caddb1000-7f4cadeaf000 rw-p 00000000 00:00 0                          [stack:12444]
7f4cadeaf000-7f4cadeb2000 ---p 00000000 00:00 0 
7f4cadeb2000-7f4cadfb0000 rw-p 00000000 00:00 0                          [stack:12443]
7f4cadfb0000-7f4cadfb1000 ---p 00000000 00:00 0 
7f4cadfb1000-7f4caf072000 rw-p 00000000 00:00 0                          [stack:12442]
7f4caf072000-7f4caf248000 r--s 03ca8000 08:06 19270598                   /opt/tools/java/jdk1.8.0_20/jre/lib/rt.jar
7f4caf248000-7f4cb3ba0000 rw-p 00000000 00:00 0 
7f4cb3ba0000-7f4cb3ba1000 ---p 00000000 00:00 0 
7f4cb3ba1000-7f4cb3ca1000 rw-p 00000000 00:00 0                          [stack:12441]
7f4cb3ca1000-7f4cb3ca2000 ---p 00000000 00:00 0 
7f4cb3ca2000-7f4cb3da2000 rw-p 00000000 00:00 0                          [stack:12440]
7f4cb3da2000-7f4cb3da3000 ---p 00000000 00:00 0 
7f4cb3da3000-7f4cb3ea3000 rw-p 00000000 00:00 0                          [stack:12439]
7f4cb3ea3000-7f4cb3ea4000 ---p 00000000 00:00 0 
7f4cb3ea4000-7f4cb3fce000 rw-p 00000000 00:00 0                          [stack:12438]
7f4cb3fce000-7f4cb4234000 ---p 00000000 00:00 0 
7f4cb4234000-7f4cb425e000 rw-p 00000000 00:00 0 
7f4cb425e000-7f4cb44c4000 ---p 00000000 00:00 0 
7f4cb44c4000-7f4cb44d9000 rw-p 00000000 00:00 0 
7f4cb44d9000-7f4cb460c000 ---p 00000000 00:00 0 
7f4cb460c000-7f4cb4618000 rw-p 00000000 00:00 0 
7f4cb4618000-7f4cb49cd000 ---p 00000000 00:00 0 
7f4cb49cd000-7f4cb4c8d000 rwxp 00000000 00:00 0 
7f4cb4c8d000-7f4cc39cd000 ---p 00000000 00:00 0 
7f4cc39cd000-7f4cc39e7000 r-xp 00000000 08:06 19668169                   /opt/tools/java/jdk1.8.0_20/jre/lib/amd64/libzip.so
7f4cc39e7000-7f4cc3be7000 ---p 0001a000 08:06 19668169                   /opt/tools/java/jdk1.8.0_20/jre/lib/amd64/libzip.so
7f4cc3be7000-7f4cc3be8000 rw-p 0001a000 08:06 19668169                   /opt/tools/java/jdk1.8.0_20/jre/lib/amd64/libzip.so
7f4cc3be8000-7f4cc3bf3000 r-xp 00000000 08:06 5899254                    /lib/x86_64-linux-gnu/libnss_files-2.19.so
7f4cc3bf3000-7f4cc3df2000 ---p 0000b000 08:06 5899254                    /lib/x86_64-linux-gnu/libnss_files-2.19.so
7f4cc3df2000-7f4cc3df3000 r--p 0000a000 08:06 5899254                    /lib/x86_64-linux-gnu/libnss_files-2.19.so
7f4cc3df3000-7f4cc3df4000 rw-p 0000b000 08:06 5899254                    /lib/x86_64-linux-gnu/libnss_files-2.19.so
7f4cc3df4000-7f4cc3dff000 r-xp 00000000 08:06 5899255                    /lib/x86_64-linux-gnu/libnss_nis-2.19.so
7f4cc3dff000-7f4cc3ffe000 ---p 0000b000 08:06 5899255                    /lib/x86_64-linux-gnu/libnss_nis-2.19.so
7f4cc3ffe000-7f4cc3fff000 r--p 0000a000 08:06 5899255                    /lib/x86_64-linux-gnu/libnss_nis-2.19.so
7f4cc3fff000-7f4cc4000000 rw-p 0000b000 08:06 5899255                    /lib/x86_64-linux-gnu/libnss_nis-2.19.so
7f4cc4000000-7f4cc4604000 rw-p 00000000 00:00 0 
7f4cc4604000-7f4cc8000000 ---p 00000000 00:00 0 
7f4cc8002000-7f4cc800c000 r--s 00116000 08:06 19538001                   /opt/tools/java/jdk1.8.0_20/jre/lib/ext/localedata.jar
7f4cc800c000-7f4cc80a3000 rw-p 00000000 00:00 0 
7f4cc80a3000-7f4cc80ba000 r-xp 00000000 08:06 5899205                    /lib/x86_64-linux-gnu/libnsl-2.19.so
7f4cc80ba000-7f4cc82b9000 ---p 00017000 08:06 5899205                    /lib/x86_64-linux-gnu/libnsl-2.19.so
7f4cc82b9000-7f4cc82ba000 r--p 00016000 08:06 5899205                    /lib/x86_64-linux-gnu/libnsl-2.19.so
7f4cc82ba000-7f4cc82bb000 rw-p 00017000 08:06 5899205                    /lib/x86_64-linux-gnu/libnsl-2.19.so
7f4cc82bb000-7f4cc82bd000 rw-p 00000000 00:00 0 
7f4cc82bd000-7f4cc82c6000 r-xp 00000000 08:06 5898269                    /lib/x86_64-linux-gnu/libnss_compat-2.19.so
7f4cc82c6000-7f4cc84c5000 ---p 00009000 08:06 5898269                    /lib/x86_64-linux-gnu/libnss_compat-2.19.so
7f4cc84c5000-7f4cc84c6000 r--p 00008000 08:06 5898269                    /lib/x86_64-linux-gnu/libnss_compat-2.19.so
7f4cc84c6000-7f4cc84c7000 rw-p 00009000 08:06 5898269                    /lib/x86_64-linux-gnu/libnss_compat-2.19.so
7f4cc84c7000-7f4cc84f1000 r-xp 00000000 08:06 19668164                   /opt/tools/java/jdk1.8.0_20/jre/lib/amd64/libjava.so
7f4cc84f1000-7f4cc86f1000 ---p 0002a000 08:06 19668164                   /opt/tools/java/jdk1.8.0_20/jre/lib/amd64/libjava.so
7f4cc86f1000-7f4cc86f3000 rw-p 0002a000 08:06 19668164                   /opt/tools/java/jdk1.8.0_20/jre/lib/amd64/libjava.so
7f4cc86f3000-7f4cc8700000 r-xp 00000000 08:06 19668168                   /opt/tools/java/jdk1.8.0_20/jre/lib/amd64/libverify.so
7f4cc8700000-7f4cc8900000 ---p 0000d000 08:06 19668168                   /opt/tools/java/jdk1.8.0_20/jre/lib/amd64/libverify.so
7f4cc8900000-7f4cc8902000 rw-p 0000d000 08:06 19668168                   /opt/tools/java/jdk1.8.0_20/jre/lib/amd64/libverify.so
7f4cc8902000-7f4cc8909000 r-xp 00000000 08:06 5899207                    /lib/x86_64-linux-gnu/librt-2.19.so
7f4cc8909000-7f4cc8b08000 ---p 00007000 08:06 5899207                    /lib/x86_64-linux-gnu/librt-2.19.so
7f4cc8b08000-7f4cc8b09000 r--p 00006000 08:06 5899207                    /lib/x86_64-linux-gnu/librt-2.19.so
7f4cc8b09000-7f4cc8b0a000 rw-p 00007000 08:06 5899207                    /lib/x86_64-linux-gnu/librt-2.19.so
7f4cc8b0a000-7f4cc8c0f000 r-xp 00000000 08:06 5899229                    /lib/x86_64-linux-gnu/libm-2.19.so
7f4cc8c0f000-7f4cc8e0e000 ---p 00105000 08:06 5899229                    /lib/x86_64-linux-gnu/libm-2.19.so
7f4cc8e0e000-7f4cc8e0f000 r--p 00104000 08:06 5899229                    /lib/x86_64-linux-gnu/libm-2.19.so
7f4cc8e0f000-7f4cc8e10000 rw-p 00105000 08:06 5899229                    /lib/x86_64-linux-gnu/libm-2.19.so
7f4cc8e10000-7f4cc9a7a000 r-xp 00000000 08:06 19668150                   /opt/tools/java/jdk1.8.0_20/jre/lib/amd64/server/libjvm.so
7f4cc9a7a000-7f4cc9c79000 ---p 00c6a000 08:06 19668150                   /opt/tools/java/jdk1.8.0_20/jre/lib/amd64/server/libjvm.so
7f4cc9c79000-7f4cc9d50000 rw-p 00c69000 08:06 19668150                   /opt/tools/java/jdk1.8.0_20/jre/lib/amd64/server/libjvm.so
7f4cc9d50000-7f4cc9d92000 rw-p 00000000 00:00 0 
7f4cc9d92000-7f4cc9f4d000 r-xp 00000000 08:06 5899220                    /lib/x86_64-linux-gnu/libc-2.19.so
7f4cc9f4d000-7f4cca14d000 ---p 001bb000 08:06 5899220                    /lib/x86_64-linux-gnu/libc-2.19.so
7f4cca14d000-7f4cca151000 r--p 001bb000 08:06 5899220                    /lib/x86_64-linux-gnu/libc-2.19.so
7f4cca151000-7f4cca153000 rw-p 001bf000 08:06 5899220                    /lib/x86_64-linux-gnu/libc-2.19.so
7f4cca153000-7f4cca158000 rw-p 00000000 00:00 0 
7f4cca158000-7f4cca15b000 r-xp 00000000 08:06 5899267                    /lib/x86_64-linux-gnu/libdl-2.19.so
7f4cca15b000-7f4cca35a000 ---p 00003000 08:06 5899267                    /lib/x86_64-linux-gnu/libdl-2.19.so
7f4cca35a000-7f4cca35b000 r--p 00002000 08:06 5899267                    /lib/x86_64-linux-gnu/libdl-2.19.so
7f4cca35b000-7f4cca35c000 rw-p 00003000 08:06 5899267                    /lib/x86_64-linux-gnu/libdl-2.19.so
7f4cca35c000-7f4cca371000 r-xp 00000000 08:06 19144179                   /opt/tools/java/jdk1.8.0_20/lib/amd64/jli/libjli.so
7f4cca371000-7f4cca570000 ---p 00015000 08:06 19144179                   /opt/tools/java/jdk1.8.0_20/lib/amd64/jli/libjli.so
7f4cca570000-7f4cca571000 rw-p 00014000 08:06 19144179                   /opt/tools/java/jdk1.8.0_20/lib/amd64/jli/libjli.so
7f4cca571000-7f4cca58a000 r-xp 00000000 08:06 5899268                    /lib/x86_64-linux-gnu/libpthread-2.19.so
7f4cca58a000-7f4cca789000 ---p 00019000 08:06 5899268                    /lib/x86_64-linux-gnu/libpthread-2.19.so
7f4cca789000-7f4cca78a000 r--p 00018000 08:06 5899268                    /lib/x86_64-linux-gnu/libpthread-2.19.so
7f4cca78a000-7f4cca78b000 rw-p 00019000 08:06 5899268                    /lib/x86_64-linux-gnu/libpthread-2.19.so
7f4cca78b000-7f4cca78f000 rw-p 00000000 00:00 0 
7f4cca78f000-7f4cca7b2000 r-xp 00000000 08:06 5899225                    /lib/x86_64-linux-gnu/ld-2.19.so
7f4cca7b3000-7f4cca7b6000 rw-p 00000000 00:00 0 
7f4cca7b6000-7f4cca7bf000 r--s 0006f000 08:06 15860476                   /home/cmuramoto/.m2/repository/log4j/log4j/1.2.17/log4j-1.2.17.jar
7f4cca7bf000-7f4cca88a000 rw-p 00000000 00:00 0 
7f4cca88a000-7f4cca88d000 ---p 00000000 00:00 0 
7f4cca88d000-7f4cca98f000 rw-p 00000000 00:00 0                          [stack:12433]
7f4cca98f000-7f4cca994000 r--s 00092000 08:06 19270603                   /opt/tools/java/jdk1.8.0_20/jre/lib/jsse.jar
7f4cca994000-7f4cca996000 r--s 00005000 08:06 15729513                   /home/cmuramoto/.m2/repository/org/slf4j/slf4j-api/1.7.5/slf4j-api-1.7.5.jar
7f4cca996000-7f4cca998000 r--s 00001000 08:06 15860477                   /home/cmuramoto/.m2/repository/org/slf4j/slf4j-log4j12/1.7.5/slf4j-log4j12-1.7.5.jar
7f4cca998000-7f4cca99a000 r--s 00009000 08:06 17171478                   /home/cmuramoto/.m2/repository/org/hamcrest/hamcrest-core/1.3/hamcrest-core-1.3.jar
7f4cca99a000-7f4cca9a0000 r--s 00036000 08:06 17171475                   /home/cmuramoto/.m2/repository/junit/junit/4.11/junit-4.11.jar
7f4cca9a0000-7f4cca9a5000 r--s 00036000 08:06 15729556                   /home/cmuramoto/.m2/repository/org/ow2/asm/asm-all/5.0.3/asm-all-5.0.3.jar
7f4cca9a5000-7f4cca9ad000 rw-s 00000000 08:06 6688516                    /tmp/hsperfdata_cmuramoto/12430
7f4cca9ad000-7f4cca9ae000 rw-p 00000000 00:00 0 
7f4cca9ae000-7f4cca9af000 r--p 00000000 00:00 0 
7f4cca9af000-7f4cca9b1000 rw-p 00000000 00:00 0 
7f4cca9b1000-7f4cca9b2000 r--p 00022000 08:06 5899225                    /lib/x86_64-linux-gnu/ld-2.19.so
7f4cca9b2000-7f4cca9b3000 rw-p 00023000 08:06 5899225                    /lib/x86_64-linux-gnu/ld-2.19.so
7f4cca9b3000-7f4cca9b4000 rw-p 00000000 00:00 0 
7fff21a88000-7fff21aaa000 rw-p 00000000 00:00 0                          [stack]
7fff21b9b000-7fff21b9d000 r-xp 00000000 00:00 0                          [vdso]
ffffffffff600000-ffffffffff601000 r-xp 00000000 00:00 0                  [vsyscall]

VM Arguments:
jvm_args: -Dfile.encoding=UTF-8 
java_command: org.eclipse.jdt.internal.junit.runner.RemoteTestRunner -version 3 -port 35888 -testLoaderClass org.eclipse.jdt.internal.junit4.runner.JUnit4TestLoader -loaderpluginname org.eclipse.jdt.junit4.runtime -classNames com.nc.gs.tests.ext.TestExternalization
java_class_path (initial): /home/cmuramoto/env/projects/sources/git/nc/gs-master/graph-serializers/graph-serializers/target/test-classes:/home/cmuramoto/env/projects/sources/git/nc/gs-master/graph-serializers/graph-serializers/target/classes:/home/cmuramoto/.m2/repository/net/sf/trove4j/trove4j/3.0.3/trove4j-3.0.3.jar:/home/cmuramoto/.m2/repository/org/ow2/asm/asm-all/5.0.3/asm-all-5.0.3.jar:/home/cmuramoto/.m2/repository/junit/junit/4.11/junit-4.11.jar:/home/cmuramoto/.m2/repository/org/hamcrest/hamcrest-core/1.3/hamcrest-core-1.3.jar:/home/cmuramoto/.m2/repository/org/slf4j/slf4j-log4j12/1.7.5/slf4j-log4j12-1.7.5.jar:/home/cmuramoto/.m2/repository/org/slf4j/slf4j-api/1.7.5/slf4j-api-1.7.5.jar:/home/cmuramoto/.m2/repository/log4j/log4j/1.2.17/log4j-1.2.17.jar:/home/cmuramoto/env/ides/sts-bundle/sts-3.6.0.RELEASE/configuration/org.eclipse.osgi/406/0/.cp/:/home/cmuramoto/env/ides/sts-bundle/sts-3.6.0.RELEASE/configuration/org.eclipse.osgi/405/0/.cp/
Launcher Type: SUN_STANDARD

Environment Variables:
JAVA_HOME=/opt/tools/java/latest
PATH=/usr/local/sbin:/usr/local/bin:/usr/sbin:/usr/bin:/sbin:/bin:/usr/games:/usr/local/games:/opt/tools/java/latest/bin:/opt/tools/maven/latest/bin:/opt/tools/ant/bin
USERNAME=cmuramoto
SHELL=/bin/bash
DISPLAY=:0

Signal Handlers:
SIGSEGV: [libjvm.so+0xa77530], sa_mask[0]=11111111011111111101111111111110, sa_flags=SA_RESTART|SA_SIGINFO
SIGBUS: [libjvm.so+0xa77530], sa_mask[0]=11111111011111111101111111111110, sa_flags=SA_RESTART|SA_SIGINFO
SIGFPE: [libjvm.so+0x8e1d90], sa_mask[0]=11111111011111111101111111111110, sa_flags=SA_RESTART|SA_SIGINFO
SIGPIPE: [libjvm.so+0x8e1d90], sa_mask[0]=11111111011111111101111111111110, sa_flags=SA_RESTART|SA_SIGINFO
SIGXFSZ: [libjvm.so+0x8e1d90], sa_mask[0]=11111111011111111101111111111110, sa_flags=SA_RESTART|SA_SIGINFO
SIGILL: [libjvm.so+0x8e1d90], sa_mask[0]=11111111011111111101111111111110, sa_flags=SA_RESTART|SA_SIGINFO
SIGUSR1: SIG_DFL, sa_mask[0]=00000000000000000000000000000000, sa_flags=none
SIGUSR2: [libjvm.so+0x8e35c0], sa_mask[0]=00100000000000000000000000000000, sa_flags=SA_RESTART|SA_SIGINFO
SIGHUP: [libjvm.so+0x8e4980], sa_mask[0]=11111111011111111101111111111110, sa_flags=SA_RESTART|SA_SIGINFO
SIGINT: [libjvm.so+0x8e4980], sa_mask[0]=11111111011111111101111111111110, sa_flags=SA_RESTART|SA_SIGINFO
SIGTERM: [libjvm.so+0x8e4980], sa_mask[0]=11111111011111111101111111111110, sa_flags=SA_RESTART|SA_SIGINFO
SIGQUIT: [libjvm.so+0x8e4980], sa_mask[0]=11111111011111111101111111111110, sa_flags=SA_RESTART|SA_SIGINFO


---------------  S Y S T E M  ---------------

OS:DISTRIB_ID=LinuxMint
DISTRIB_RELEASE=17
DISTRIB_CODENAME=qiana
DISTRIB_DESCRIPTION="Linux Mint 17 Qiana"

uname:Linux 3.13.0-24-generic #46-Ubuntu SMP Thu Apr 10 19:11:08 UTC 2014 x86_64
libc:glibc 2.19 NPTL 2.19 
rlimit: STACK 8192k, CORE 0k, NPROC 62685, NOFILE 4096, AS infinity
load average:0,43 0,27 0,25

/proc/meminfo:
MemTotal:        8054692 kB
MemFree:         3328352 kB
Buffers:          574940 kB
Cached:          1535688 kB
SwapCached:            0 kB
Active:          3071544 kB
Inactive:        1234140 kB
Active(anon):    2197160 kB
Inactive(anon):   244560 kB
Active(file):     874384 kB
Inactive(file):   989580 kB
Unevictable:          32 kB
Mlocked:              32 kB
SwapTotal:       8264700 kB
SwapFree:        8264700 kB
Dirty:               276 kB
Writeback:             0 kB
AnonPages:       2195196 kB
Mapped:           275140 kB
Shmem:            246668 kB
Slab:             303120 kB
SReclaimable:     272208 kB
SUnreclaim:        30912 kB
KernelStack:        4496 kB
PageTables:        30244 kB
NFS_Unstable:          0 kB
Bounce:                0 kB
WritebackTmp:          0 kB
CommitLimit:    12292044 kB
Committed_AS:    6189252 kB
VmallocTotal:   34359738367 kB
VmallocUsed:      553656 kB
VmallocChunk:   34359171760 kB
HardwareCorrupted:     0 kB
AnonHugePages:   1531904 kB
HugePages_Total:       0
HugePages_Free:        0
HugePages_Rsvd:        0
HugePages_Surp:        0
Hugepagesize:       2048 kB
DirectMap4k:       66688 kB
DirectMap2M:     8200192 kB


CPU:total 4 (2 cores per cpu, 2 threads per core) family 6 model 58 stepping 9, cmov, cx8, fxsr, mmx, sse, sse2, sse3, ssse3, sse4.1, sse4.2, popcnt, avx, aes, clmul, erms, ht, tsc, tscinvbit, tscinv

/proc/cpuinfo:
processor	: 0
vendor_id	: GenuineIntel
cpu family	: 6
model		: 58
model name	: Intel(R) Core(TM) i5-3210M CPU @ 2.50GHz
stepping	: 9
microcode	: 0x12
cpu MHz		: 2501.000
cache size	: 3072 KB
physical id	: 0
siblings	: 4
core id		: 0
cpu cores	: 2
apicid		: 0
initial apicid	: 0
fpu		: yes
fpu_exception	: yes
cpuid level	: 13
wp		: yes
flags		: fpu vme de pse tsc msr pae mce cx8 apic sep mtrr pge mca cmov pat pse36 clflush dts acpi mmx fxsr sse sse2 ss ht tm pbe syscall nx rdtscp lm constant_tsc arch_perfmon pebs bts rep_good nopl xtopology nonstop_tsc aperfmperf eagerfpu pni pclmulqdq dtes64 monitor ds_cpl vmx est tm2 ssse3 cx16 xtpr pdcm pcid sse4_1 sse4_2 x2apic popcnt tsc_deadline_timer aes xsave avx f16c rdrand lahf_lm ida arat epb xsaveopt pln pts dtherm tpr_shadow vnmi flexpriority ept vpid fsgsbase smep erms
bogomips	: 4988.43
clflush size	: 64
cache_alignment	: 64
address sizes	: 36 bits physical, 48 bits virtual
power management:

processor	: 1
vendor_id	: GenuineIntel
cpu family	: 6
model		: 58
model name	: Intel(R) Core(TM) i5-3210M CPU @ 2.50GHz
stepping	: 9
microcode	: 0x12
cpu MHz		: 1200.000
cache size	: 3072 KB
physical id	: 0
siblings	: 4
core id		: 0
cpu cores	: 2
apicid		: 1
initial apicid	: 1
fpu		: yes
fpu_exception	: yes
cpuid level	: 13
wp		: yes
flags		: fpu vme de pse tsc msr pae mce cx8 apic sep mtrr pge mca cmov pat pse36 clflush dts acpi mmx fxsr sse sse2 ss ht tm pbe syscall nx rdtscp lm constant_tsc arch_perfmon pebs bts rep_good nopl xtopology nonstop_tsc aperfmperf eagerfpu pni pclmulqdq dtes64 monitor ds_cpl vmx est tm2 ssse3 cx16 xtpr pdcm pcid sse4_1 sse4_2 x2apic popcnt tsc_deadline_timer aes xsave avx f16c rdrand lahf_lm ida arat epb xsaveopt pln pts dtherm tpr_shadow vnmi flexpriority ept vpid fsgsbase smep erms
bogomips	: 4988.43
clflush size	: 64
cache_alignment	: 64
address sizes	: 36 bits physical, 48 bits virtual
power management:

processor	: 2
vendor_id	: GenuineIntel
cpu family	: 6
model		: 58
model name	: Intel(R) Core(TM) i5-3210M CPU @ 2.50GHz
stepping	: 9
microcode	: 0x12
cpu MHz		: 2501.000
cache size	: 3072 KB
physical id	: 0
siblings	: 4
core id		: 1
cpu cores	: 2
apicid		: 2
initial apicid	: 2
fpu		: yes
fpu_exception	: yes
cpuid level	: 13
wp		: yes
flags		: fpu vme de pse tsc msr pae mce cx8 apic sep mtrr pge mca cmov pat pse36 clflush dts acpi mmx fxsr sse sse2 ss ht tm pbe syscall nx rdtscp lm constant_tsc arch_perfmon pebs bts rep_good nopl xtopology nonstop_tsc aperfmperf eagerfpu pni pclmulqdq dtes64 monitor ds_cpl vmx est tm2 ssse3 cx16 xtpr pdcm pcid sse4_1 sse4_2 x2apic popcnt tsc_deadline_timer aes xsave avx f16c rdrand lahf_lm ida arat epb xsaveopt pln pts dtherm tpr_shadow vnmi flexpriority ept vpid fsgsbase smep erms
bogomips	: 4988.43
clflush size	: 64
cache_alignment	: 64
address sizes	: 36 bits physical, 48 bits virtual
power management:

processor	: 3
vendor_id	: GenuineIntel
cpu family	: 6
model		: 58
model name	: Intel(R) Core(TM) i5-3210M CPU @ 2.50GHz
stepping	: 9
microcode	: 0x12
cpu MHz		: 2400.000
cache size	: 3072 KB
physical id	: 0
siblings	: 4
core id		: 1
cpu cores	: 2
apicid		: 3
initial apicid	: 3
fpu		: yes
fpu_exception	: yes
cpuid level	: 13
wp		: yes
flags		: fpu vme de pse tsc msr pae mce cx8 apic sep mtrr pge mca cmov pat pse36 clflush dts acpi mmx fxsr sse sse2 ss ht tm pbe syscall nx rdtscp lm constant_tsc arch_perfmon pebs bts rep_good nopl xtopology nonstop_tsc aperfmperf eagerfpu pni pclmulqdq dtes64 monitor ds_cpl vmx est tm2 ssse3 cx16 xtpr pdcm pcid sse4_1 sse4_2 x2apic popcnt tsc_deadline_timer aes xsave avx f16c rdrand lahf_lm ida arat epb xsaveopt pln pts dtherm tpr_shadow vnmi flexpriority ept vpid fsgsbase smep erms
bogomips	: 4988.43
clflush size	: 64
cache_alignment	: 64
address sizes	: 36 bits physical, 48 bits virtual
power management:



Memory: 4k page, physical 8054692k(3328352k free), swap 8264700k(8264700k free)

vm_info: Java HotSpot(TM) 64-Bit Server VM (25.20-b23) for linux-amd64 JRE (1.8.0_20-b26), built on Jul 30 2014 13:13:52 by "java_re" with gcc 4.3.0 20080428 (Red Hat 4.3.0-8)

time: Thu Jan  1 21:27:48 2015
elapsed time: 0 seconds (0d 0h 0m 0s)

